13:18:04 [INFO] Iniciando pipeline ETL. raw=/Users/francobmassi/Documents/GitHub/tpo-sueldos/data/raw  processed=/Users/francobmassi/Documents/GitHub/tpo-sueldos/data/processed
13:18:06 [INFO] Sysarmy leído con skiprows=9 (5 columnas críticas detectadas)
13:18:09 [INFO] Edición sysarmy_2022_2 (2022-07-01): 5024 filas
13:18:14 [INFO] Sysarmy leído con skiprows=8 (5 columnas críticas detectadas)
13:18:19 [INFO] Edición sysarmy_2023_1 (2023-01-01): 6165 filas
13:18:21 [INFO] Sysarmy leído con skiprows=7 (5 columnas críticas detectadas)
13:18:23 [INFO] Edición sysarmy_2023_2 (2023-07-01): 5485 filas
13:18:25 [INFO] Sysarmy leído con skiprows=8 (6 columnas críticas detectadas)
13:18:27 [INFO] Edición sysarmy_2024_1 (2024-01-01): 5488 filas
13:18:29 [INFO] Sysarmy leído con skiprows=9 (6 columnas críticas detectadas)
13:18:30 [INFO] Edición sysarmy_2025_1 (2025-01-01): 5189 filas
13:18:32 [INFO] Sysarmy leído con skiprows=9 (6 columnas críticas detectadas)
13:18:34 [INFO] Edición sysarmy_2025_2 (2025-07-01): 3737 filas
13:18:34 [INFO] Guardado Sysarmy (31088 filas, 14 cols) -> sysarmy_limpio.parquet
13:19:04 [INFO] Guardado Stack Overflow (Argentina) (160 filas, 12 cols) -> stackoverflow_argentina_limpio.parquet
13:19:04 [INFO] Guardado contexto_macroeconomico (6 filas, 10 cols) -> contexto_macroeconomico.parquet
13:19:04 [INFO] Guardado dataset_final (31088 filas, 17 cols) -> dataset_final_mercado_laboral.parquet
13:19:04 [INFO] data_quality_report.txt escrito (114 líneas)

================================================================
RESUMEN DEL PIPELINE ETL
================================================================
  ✓ Sysarmy: 31088 filas, 14 cols
  ✓ IPC: 121 filas, 3 cols
  ✓ Dólar MEP mensual: 186 filas, 2 cols
  ✓ Big Mac: 21 filas, 2 cols
  ✓ RIPTE: 381 filas, 2 cols
  ✓ CBT: 117 filas, 2 cols
  ✓ ITCRM: 353 filas, 2 cols
  ✓ US CPI: 951 filas, 2 cols
  ✓ Stack Overflow AR: 160 filas, 12 cols
----------------------------------------------------------------
  DATASET FINAL: 31088 filas, 17 columnas
  -> /Users/francobmassi/Documents/GitHub/tpo-sueldos/data/processed/dataset_final_mercado_laboral.parquet
  -> /Users/francobmassi/Documents/GitHub/tpo-sueldos/data/processed/data_quality_report.txt
  (outliers conservados dentro del dataset, columna 'es_outlier')
================================================================
